\BOOKMARK [1][-]{section.1}{\376\377\000A\000b\000s\000t\000r\000a\000c\000t}{}% 1
\BOOKMARK [1][-]{section.2}{\376\377\000I\000n\000t\000r\000o\000d\000u\000c\000t\000i\000o\000n}{}% 2
\BOOKMARK [1][-]{section.3}{\376\377\000B\000u\000s\000i\000n\000e\000s\000s\000\040\000U\000n\000d\000e\000r\000s\000t\000a\000n\000d\000i\000n\000g}{}% 3
\BOOKMARK [2][-]{subsection.3.1}{\376\377\000B\000u\000s\000i\000n\000e\000s\000s\000\040\000O\000b\000j\000e\000c\000t\000i\000v\000e}{section.3}% 4
\BOOKMARK [2][-]{subsection.3.2}{\376\377\000A\000c\000c\000e\000s\000s\000\040\000S\000i\000t\000u\000a\000t\000i\000o\000n}{section.3}% 5
\BOOKMARK [3][-]{subsubsection.3.2.1}{\376\377\000I\000n\000v\000e\000n\000t\000o\000r\000y\000\040\000o\000f\000\040\000R\000e\000s\000o\000u\000r\000c\000e\000s}{subsection.3.2}% 6
\BOOKMARK [2][-]{subsection.3.3}{\376\377\000D\000e\000t\000e\000r\000m\000i\000n\000e\000\040\000D\000a\000t\000a\000\040\000M\000i\000n\000i\000n\000g\000\040\000G\000o\000a\000l\000s}{section.3}% 7
\BOOKMARK [2][-]{subsection.3.4}{\376\377\000P\000r\000o\000d\000u\000c\000e\000\040\000P\000r\000o\000j\000e\000c\000t\000\040\000P\000l\000a\000n}{section.3}% 8
\BOOKMARK [1][-]{section.4}{\376\377\000D\000a\000t\000a\000\040\000U\000n\000d\000e\000r\000s\000t\000a\000n\000d\000i\000n\000g}{}% 9
\BOOKMARK [2][-]{subsection.4.1}{\376\377\000C\000o\000l\000l\000e\000c\000t\000\040\000I\000n\000i\000t\000a\000l\000\040\000D\000a\000t\000a}{section.4}% 10
\BOOKMARK [2][-]{subsection.4.2}{\376\377\000D\000e\000c\000r\000i\000b\000e\000\040\000D\000a\000t\000a}{section.4}% 11
\BOOKMARK [2][-]{subsection.4.3}{\376\377\000E\000x\000p\000l\000o\000r\000e\000\040\000D\000a\000t\000a}{section.4}% 12
\BOOKMARK [2][-]{subsection.4.4}{\376\377\000V\000e\000r\000i\000f\000y\000\040\000D\000a\000t\000a\000\040\000Q\000u\000a\000l\000i\000t\000y}{section.4}% 13
\BOOKMARK [1][-]{section.5}{\376\377\000D\000a\000t\000a\000\040\000P\000r\000e\000p\000a\000r\000a\000t\000i\000o\000n}{}% 14
\BOOKMARK [2][-]{subsection.5.1}{\376\377\000S\000e\000l\000e\000c\000t\000\040\000D\000a\000t\000a}{section.5}% 15
\BOOKMARK [2][-]{subsection.5.2}{\376\377\000C\000l\000e\000a\000n\000\040\000D\000a\000t\000a}{section.5}% 16
\BOOKMARK [2][-]{subsection.5.3}{\376\377\000C\000o\000n\000s\000t\000r\000u\000c\000t\000\040\000D\000a\000t\000a}{section.5}% 17
\BOOKMARK [2][-]{subsection.5.4}{\376\377\000I\000n\000t\000e\000r\000g\000r\000a\000t\000e\000\040\000D\000a\000t\000a}{section.5}% 18
\BOOKMARK [2][-]{subsection.5.5}{\376\377\000F\000o\000r\000m\000a\000t\000\040\000D\000a\000t\000a}{section.5}% 19
\BOOKMARK [1][-]{section.6}{\376\377\000M\000o\000d\000e\000l\000i\000n\000g}{}% 20
\BOOKMARK [2][-]{subsection.6.1}{\376\377\000S\000e\000l\000e\000c\000t\000\040\000M\000o\000d\000e\000l\000i\000n\000g\000\040\000T\000e\000c\000h\000n\000i\000q\000u\000e\000s}{section.6}% 21
\BOOKMARK [2][-]{subsection.6.2}{\376\377\000G\000e\000n\000e\000r\000a\000t\000e\000\040\000T\000e\000s\000t\000\040\000D\000e\000s\000i\000g\000n}{section.6}% 22
\BOOKMARK [2][-]{subsection.6.3}{\376\377\000B\000u\000i\000l\000d\000\040\000M\000o\000d\000e\000l}{section.6}% 23
\BOOKMARK [2][-]{subsection.6.4}{\376\377\000A\000s\000s\000e\000s\000s\000\040\000M\000o\000d\000e\000l}{section.6}% 24
\BOOKMARK [1][-]{section.7}{\376\377\000E\000v\000a\000l\000u\000a\000t\000i\000o\000n}{}% 25
\BOOKMARK [2][-]{subsection.7.1}{\376\377\000E\000v\000a\000l\000u\000a\000t\000e\000\040\000R\000e\000s\000u\000l\000t\000s}{section.7}% 26
\BOOKMARK [2][-]{subsection.7.2}{\376\377\000R\000e\000v\000i\000e\000w\000\040\000P\000r\000o\000c\000c\000e\000s\000s}{section.7}% 27
\BOOKMARK [2][-]{subsection.7.3}{\376\377\000D\000e\000t\000e\000r\000i\000m\000e\000\040\000n\000e\000x\000t\000\040\000s\000t\000e\000p\000s}{section.7}% 28
\BOOKMARK [1][-]{section.8}{\376\377\000D\000e\000p\000l\000o\000y\000m\000e\000n\000t}{}% 29
\BOOKMARK [2][-]{subsection.8.1}{\376\377\000P\000l\000a\000n\000\040\000D\000e\000p\000l\000o\000y\000m\000e\000n\000t}{section.8}% 30
\BOOKMARK [2][-]{subsection.8.2}{\376\377\000P\000l\000a\000n\000\040\000M\000o\000n\000i\000t\000o\000r\000i\000n\000g\000a\000n\000d\000\040\000M\000a\000i\000n\000t\000e\000n\000a\000n\000c\000e}{section.8}% 31
\BOOKMARK [2][-]{subsection.8.3}{\376\377\000P\000r\000o\000d\000u\000c\000e\000\040\000F\000i\000n\000a\000l\000\040\000R\000e\000p\000o\000r\000t}{section.8}% 32
\BOOKMARK [2][-]{subsection.8.4}{\376\377\000R\000e\000v\000i\000e\000w\000\040\000P\000r\000o\000j\000e\000c\000t}{section.8}% 33
